<?xml version="1.0" encoding="UTF-8"?>
<testng-results ignored="0" total="1" passed="1" failed="0" skipped="0">
  <reporter-output>
  </reporter-output>
  <suite started-at="2021-10-07T08:49:45 ICT" name="Default suite" finished-at="2021-10-07T08:49:58 ICT" duration-ms="12591">
    <groups>
      <group name="cucumber">
        <method signature="AbstractTestNGCucumberTests.runScenario(io.cucumber.testng.PickleWrapper, io.cucumber.testng.FeatureWrapper)[pri:0, instance:commons.runParallel@54bff557]" name="runScenario" class="io.cucumber.testng.AbstractTestNGCucumberTests"/>
      </group> <!-- cucumber -->
    </groups>
    <test started-at="2021-10-07T08:49:45 ICT" name="Default test" finished-at="2021-10-07T08:49:58 ICT" duration-ms="12591">
      <class name="commons.runParallel">
        <test-method is-config="true" signature="setUpClass()[pri:0, instance:commons.runParallel@54bff557]" started-at="2021-10-07T08:49:45 ICT" name="setUpClass" finished-at="2021-10-07T08:49:45 ICT" duration-ms="462" status="PASS">
          <reporter-output>
          </reporter-output>
        </test-method> <!-- setUpClass -->
        <test-method is-config="true" signature="setupClassName(org.testng.ITestContext)[pri:0, instance:commons.runParallel@54bff557]" started-at="2021-10-07T08:49:45 ICT" name="setupClassName" finished-at="2021-10-07T08:49:45 ICT" duration-ms="6" status="PASS">
          <params>
            <param index="0">
              <value>
                <![CDATA[org.testng.TestRunner@3d3f761a]]>
              </value>
            </param>
          </params>
          <reporter-output>
          </reporter-output>
        </test-method> <!-- setupClassName -->
        <test-method signature="runScenario(io.cucumber.testng.PickleWrapper, io.cucumber.testng.FeatureWrapper)[pri:0, instance:commons.runParallel@54bff557]" started-at="2021-10-07T08:49:46 ICT" name="runScenario" description="Runs Cucumber Scenarios" data-provider="scenarios" finished-at="2021-10-07T08:49:58 ICT" duration-ms="11997" status="PASS">
          <params>
            <param index="0">
              <value>
                <![CDATA["Verify error message when Customer Name, Date of Birth, Address, City, State, PIN, Mobile Number, E-mail, Password is blank"]]>
              </value>
            </param>
            <param index="1">
              <value>
                <![CDATA["Optional[Add_New_Customer]"]]>
              </value>
            </param>
          </params>
          <reporter-output>
          </reporter-output>
        </test-method> <!-- runScenario -->
        <test-method is-config="true" signature="tearDownClass()[pri:0, instance:commons.runParallel@54bff557]" started-at="2021-10-07T08:49:58 ICT" name="tearDownClass" finished-at="2021-10-07T08:49:58 ICT" duration-ms="89" status="PASS">
          <reporter-output>
          </reporter-output>
        </test-method> <!-- tearDownClass -->
      </class> <!-- commons.runParallel -->
    </test> <!-- Default test -->
  </suite> <!-- Default suite -->
</testng-results>
